[LOG] System::create                           : Header version = 2.00.09. Current version = 2.00.09.
[LOG] Manager::init                            : maxchannels = 256 studioflags = 00000006 flags 00000000 extradriverdata 0000000000000000.
[LOG] SystemI::init                            : Initialize version=20009 (109255), maxchannels=256, flags=0x00020000
[LOG] SystemI::setOutputInternal               : Setting output to 'FMOD WASAPI Output'
[LOG] OutputWASAPI::init                       : Mix Format (WAVEFORMATEX): wFormatTag=0xFFFE, nChannels=2, nSamplesPerSec=48000, nAvgBytesPerSec=384000, nBlockAlign=8, wBitsPerSample=32, cbSize=22.
[LOG] OutputWASAPI::init                       : Mix Format (WAVEFORMATEXTENSIBLE): wValidBitsPerSample=32, dwChannelMask=0x00000003, SubFormat=00000003-0000-0010-8000-00AA00389B71.
[LOG] OutputWASAPI::init                       : Output buffer size: 4096 samples, latency: 0.00ms, period: 10.00ms, DSP buffer: 1024 * 4
[LOG] Thread::initThread                       : Init FMOD stream thread. Priority: 2, Stack Size: 98304, Semaphore: No, Sleep Time: 10, Looping: Yes.
[LOG] Thread::initThread                       : Init FMOD mixer thread. Priority: 3, Stack Size: 81920, Semaphore: No, Sleep Time: 0, Looping: Yes.
[LOG] AsyncManager::init                       : manager 0000021D8A04CD88 isAsync 0 updatePeriod 0.02
[LOG] AsyncManager::init                       : done
[LOG] PlaybackSystem::init                     : 
[LOG] Thread::initThread                       : Init FMOD Studio sample load thread. Priority: 0, Stack Size: 98304, Semaphore: No, Sleep Time: 1, Looping: No.
[LOG] PlaybackSystem::init                     : done
[LOG] Thread::initThread                       : Init FMOD Studio bank load thread. Priority: 0, Stack Size: 98304, Semaphore: No, Sleep Time: 1, Looping: No.
[LOG] Manager::init                            : done.
[LOG] Manager::readBank                        : fileversion = 123, compatVersion = 119 (oldest = 44, newest = 125)
[LOG] Manager::readBank                        : fileversion = 123, compatVersion = 119 (oldest = 44, newest = 125)
[LOG] Manager::readBank                        : fileversion = 123, compatVersion = 119 (oldest = 44, newest = 125)
[LOG] Manager::readBank                        : fileversion = 123, compatVersion = 119 (oldest = 44, newest = 125)
[LOG] Manager::readBank                        : fileversion = 123, compatVersion = 119 (oldest = 44, newest = 125)
[LOG] Manager::readBank                        : fileversion = 123, compatVersion = 119 (oldest = 44, newest = 125)
[LOG] Manager::receiveLiveUpdateBank           : Received live update bank path: fmod:///remote/C:/Users/ElyFa/AppData/Local/FMOD Studio/UnsavedProjects/Hotswap-k52Zk9/hotswap_136.bank
[LOG] ProfileRemoteFile::fileOpen              : Attemping to open remote file 'C:/Users/ElyFa/AppData/Local/FMOD Studio/UnsavedProjects/Hotswap-k52Zk9/hotswap_136.bank'
[LOG] Manager::readBank                        : fileversion = 123, compatVersion = 119 (oldest = 44, newest = 125)
[LOG] Manager::receiveLiveUpdateBank           : Received live update bank path: fmod:///remote/C:/Users/ElyFa/AppData/Local/FMOD Studio/UnsavedProjects/Hotswap-k52Zk9/hotswap_137.bank
[LOG] ProfileRemoteFile::fileOpen              : Attemping to open remote file 'C:/Users/ElyFa/AppData/Local/FMOD Studio/UnsavedProjects/Hotswap-k52Zk9/hotswap_137.bank'
[LOG] Manager::readBank                        : fileversion = 123, compatVersion = 119 (oldest = 44, newest = 125)
[LOG] Manager::receiveLiveUpdateBank           : Received live update bank path: fmod:///remote/C:/Users/ElyFa/AppData/Local/FMOD Studio/UnsavedProjects/Hotswap-k52Zk9/hotswap_138.bank
[LOG] ProfileRemoteFile::fileOpen              : Attemping to open remote file 'C:/Users/ElyFa/AppData/Local/FMOD Studio/UnsavedProjects/Hotswap-k52Zk9/hotswap_138.bank'
[LOG] Manager::readBank                        : fileversion = 123, compatVersion = 119 (oldest = 44, newest = 125)
[LOG] Manager::receiveLiveUpdateBank           : Received live update bank path: fmod:///remote/C:/Users/ElyFa/AppData/Local/FMOD Studio/UnsavedProjects/Hotswap-k52Zk9/hotswap_139.bank
[LOG] ProfileRemoteFile::fileOpen              : Attemping to open remote file 'C:/Users/ElyFa/AppData/Local/FMOD Studio/UnsavedProjects/Hotswap-k52Zk9/hotswap_139.bank'
[LOG] Manager::readBank                        : fileversion = 123, compatVersion = 119 (oldest = 44, newest = 125)
[LOG] Manager::readBank                        : fileversion = 123, compatVersion = 119 (oldest = 44, newest = 125)
[LOG] AsyncThread::threadFunc                  : Starting Asynchronous operation on sound 0000021D2E4656F8
[LOG] AsyncThread::threadFunc                  : Finished Asynchronous operation on sound 0000021D2E4656F8
[LOG] Manager::readBank                        : fileversion = 123, compatVersion = 119 (oldest = 44, newest = 125)
[LOG] Manager::readBank                        : fileversion = 123, compatVersion = 119 (oldest = 44, newest = 125)
[LOG] Manager::readBank                        : fileversion = 123, compatVersion = 119 (oldest = 44, newest = 125)
[LOG] Manager::readBank                        : fileversion = 123, compatVersion = 119 (oldest = 44, newest = 125)
[LOG] SystemI::createSound                     : filename = Audio_FMOD/Build/Desktop/Master.bank : mode 02010082
[LOG] SystemI::createSound                     : FMOD_NONBLOCKING specified.  Putting into queue to be opened asynchronously!
[LOG] SystemI::createSound                     : setdata soundi = 0000021D8BC8EC58 : node = 0000021D2EB29580
[LOG] SystemI::createSound                     : add node to async list : head = 0000021D2E7C0118.  list count = 0
[LOG] AsyncThread::threadFunc                  : Starting Asynchronous operation on sound 0000021D8BC8EC58
[LOG] SystemI::createSoundInternal             :     Create name='Audio_FMOD/Build/Desktop/Master.bank', mode=0x02010082
[LOG] SystemI::createSoundInternal             :     exinfo->cbsize             = 224
[LOG] SystemI::createSoundInternal             :     exinfo->length             = 8797760
[LOG] SystemI::createSoundInternal             :     exinfo->fileoffset         = 33696
[LOG] SystemI::createSoundInternal             :     exinfo->numsubsounds       = 1
[LOG] SystemI::createSoundInternal             :     exinfo->inclusionlist      = 0000021D2EB29690
[LOG] SystemI::createSoundInternal             :     exinfo->inclusionlistnum   = 1
[LOG] SystemI::createSoundInternal             :     exinfo->suggestedsoundtype = 5
[LOG] SystemI::createSoundInternal             :     exinfo->initialseekposition = 2500
[LOG] SystemI::createSoundInternal             :     exinfo->initialseekpostype = 1
[LOG] SystemI::createSoundInternal             :     Stream 0/1: name='ambience lv 2', format=2, channels=2, frequency=48000, lengthbytes=1193280, lengthpcm=2475154, pcmblocksize=0, loopstart=0, loopend=0, mode=0x00000000, channelmask=0x00000000, channelorder=0, peakvolume=0.792999.
[LOG] AsyncThread::threadFunc                  : Finished Asynchronous operation on sound 0000021D8BC8EC58
[LOG] SoundI::getSubSound                      : sound 0000021D8BC8EC58.  Subsound index 0 / 1
[LOG] Manager::readBank                        : fileversion = 123, compatVersion = 119 (oldest = 44, newest = 125)
[LOG] Manager::receiveLiveUpdateBank           : Received live update bank path: fmod:///remote/C:/Users/ElyFa/AppData/Local/FMOD Studio/UnsavedProjects/Hotswap-k52Zk9/hotswap_140.bank
[LOG] ProfileRemoteFile::fileOpen              : Attemping to open remote file 'C:/Users/ElyFa/AppData/Local/FMOD Studio/UnsavedProjects/Hotswap-k52Zk9/hotswap_140.bank'
[LOG] Manager::readBank                        : fileversion = 123, compatVersion = 119 (oldest = 44, newest = 125)
[LOG] Manager::receiveLiveUpdateBank           : Received live update bank path: fmod:///remote/C:/Users/ElyFa/AppData/Local/FMOD Studio/UnsavedProjects/Hotswap-k52Zk9/hotswap_141.bank
[LOG] ProfileRemoteFile::fileOpen              : Attemping to open remote file 'C:/Users/ElyFa/AppData/Local/FMOD Studio/UnsavedProjects/Hotswap-k52Zk9/hotswap_141.bank'
[LOG] Manager::readBank                        : fileversion = 123, compatVersion = 119 (oldest = 44, newest = 125)
[LOG] Manager::receiveLiveUpdateBank           : Received live update bank path: fmod:///remote/C:/Users/ElyFa/AppData/Local/FMOD Studio/UnsavedProjects/Hotswap-k52Zk9/hotswap_142.bank
[LOG] ProfileRemoteFile::fileOpen              : Attemping to open remote file 'C:/Users/ElyFa/AppData/Local/FMOD Studio/UnsavedProjects/Hotswap-k52Zk9/hotswap_142.bank'
[LOG] Manager::readBank                        : fileversion = 123, compatVersion = 119 (oldest = 44, newest = 125)
[LOG] Manager::receiveLiveUpdateBank           : Received live update bank path: fmod:///remote/C:/Users/ElyFa/AppData/Local/FMOD Studio/UnsavedProjects/Hotswap-k52Zk9/hotswap_143.bank
[LOG] ProfileRemoteFile::fileOpen              : Attemping to open remote file 'C:/Users/ElyFa/AppData/Local/FMOD Studio/UnsavedProjects/Hotswap-k52Zk9/hotswap_143.bank'
[LOG] Manager::readBank                        : fileversion = 123, compatVersion = 119 (oldest = 44, newest = 125)
[LOG] Manager::receiveLiveUpdateBank           : Received live update bank path: fmod:///remote/C:/Users/ElyFa/AppData/Local/FMOD Studio/UnsavedProjects/Hotswap-k52Zk9/hotswap_144.bank
[LOG] ProfileRemoteFile::fileOpen              : Attemping to open remote file 'C:/Users/ElyFa/AppData/Local/FMOD Studio/UnsavedProjects/Hotswap-k52Zk9/hotswap_144.bank'
[LOG] Manager::readBank                        : fileversion = 123, compatVersion = 119 (oldest = 44, newest = 125)
[LOG] Manager::readBank                        : fileversion = 123, compatVersion = 119 (oldest = 44, newest = 125)
[LOG] AsyncThread::threadFunc                  : Starting Asynchronous operation on sound 0000021D2E465A58
[LOG] AsyncThread::threadFunc                  : Finished Asynchronous operation on sound 0000021D2E465A58
[LOG] AsyncThread::threadFunc                  : Starting Asynchronous operation on sound 0000021D2E4656F8
[LOG] AsyncThread::threadFunc                  : Finished Asynchronous operation on sound 0000021D2E4656F8
[LOG] SoundI::release                          : ambience lv 2 (0000021D2E465398)
[LOG] SoundI::release                          :     ambience lv 2 (0000021D8654C718)
[LOG] SoundI::release                          :     ambience lv 2 (0000021D2E4656F8)
[LOG] Manager::readBank                        : fileversion = 123, compatVersion = 119 (oldest = 44, newest = 125)
[LOG] Manager::readBank                        : fileversion = 123, compatVersion = 119 (oldest = 44, newest = 125)
[LOG] Manager::readBank                        : fileversion = 123, compatVersion = 119 (oldest = 44, newest = 125)
[LOG] Manager::readBank                        : fileversion = 123, compatVersion = 119 (oldest = 44, newest = 125)
[LOG] ProfileClient::recvThreadLoopFunction    : Socket disconnected
[LOG] ProfileClient::markForDead               : Closing client connection
[LOG] Thread::callback                         : FMOD profiler thread (recv) finished.
[LOG] Thread::callback                         : FMOD profiler thread (send) finished.
[LOG] LiveUpdate::clientDisconnected           : client = 0000021D32C83658
[LOG] LiveUpdate::reset                        : Reset connection (reason Disconnected)
[LOG] Thread::initThread                       : Init FMOD profiler thread (recv). Priority: 0, Stack Size: 131072, Semaphore: No, Sleep Time: 0, Looping: No.
[LOG] Thread::initThread                       : Init FMOD profiler thread (send). Priority: 0, Stack Size: 131072, Semaphore: No, Sleep Time: 0, Looping: No.
[LOG] LiveUpdate::clientConnected              : client = 0000021CC7986848
[LOG] LiveUpdate::readPacket                   : Recieved init packet from client 0000021CC7986848
[LOG] LiveUpdate::readPacket                   : Accepting init message for client 0000021CC7986848
[LOG] LiveUpdate::transitionToConnected        : 
[LOG] LiveUpdate::acceptInitPacket             : Client 0000021CC7986848 connected, entering connected state
[LOG] ProfileClient::recvThreadLoopFunction    : Socket disconnected
[LOG] ProfileClient::markForDead               : Closing client connection
[LOG] Thread::callback                         : FMOD profiler thread (recv) finished.
[LOG] Thread::callback                         : FMOD profiler thread (send) finished.
[LOG] LiveUpdate::clientDisconnected           : client = 0000021CC7986848
[LOG] LiveUpdate::reset                        : Reset connection (reason Disconnected)
[LOG] Thread::initThread                       : Init FMOD profiler thread (recv). Priority: 0, Stack Size: 131072, Semaphore: No, Sleep Time: 0, Looping: No.
[LOG] Thread::initThread                       : Init FMOD profiler thread (send). Priority: 0, Stack Size: 131072, Semaphore: No, Sleep Time: 0, Looping: No.
[LOG] LiveUpdate::clientConnected              : client = 0000021CC7986848
[LOG] LiveUpdate::readPacket                   : Recieved init packet from client 0000021CC7986848
[LOG] LiveUpdate::readPacket                   : Accepting init message for client 0000021CC7986848
[LOG] LiveUpdate::transitionToConnected        : 
[LOG] Manager::sendConnectTimeHash             : 
[LOG] LiveUpdate::sendBankHash                 : 
[LOG] LiveUpdate::acceptInitPacket             : Client 0000021CC7986848 connected, entering connected state
[LOG] Manager::readBank                        : fileversion = 123, compatVersion = 119 (oldest = 44, newest = 125)
[LOG] Manager::receiveLiveUpdateBank           : Received live update bank path: fmod:///remote/C:/Users/ElyFa/AppData/Local/FMOD Studio/UnsavedProjects/Hotswap-k52Zk9/hotswap_145.bank
[LOG] ProfileRemoteFile::fileOpen              : Attemping to open remote file 'C:/Users/ElyFa/AppData/Local/FMOD Studio/UnsavedProjects/Hotswap-k52Zk9/hotswap_145.bank'
[LOG] Manager::readBank                        : fileversion = 123, compatVersion = 119 (oldest = 44, newest = 125)
[LOG] Manager::readBank                        : fileversion = 123, compatVersion = 119 (oldest = 44, newest = 125)
[LOG] ProfileClient::recvThreadLoopFunction    : Socket disconnected
[LOG] ProfileClient::markForDead               : Closing client connection
[LOG] Thread::callback                         : FMOD profiler thread (send) finished.
[LOG] Thread::callback                         : FMOD profiler thread (recv) finished.
[LOG] LiveUpdate::clientDisconnected           : client = 0000021CC7986848
[LOG] LiveUpdate::reset                        : Reset connection (reason Disconnected)
[LOG] Thread::initThread                       : Init FMOD profiler thread (recv). Priority: 0, Stack Size: 131072, Semaphore: No, Sleep Time: 0, Looping: No.
[LOG] Thread::initThread                       : Init FMOD profiler thread (send). Priority: 0, Stack Size: 131072, Semaphore: No, Sleep Time: 0, Looping: No.
[LOG] LiveUpdate::clientConnected              : client = 0000021CC7986848
[LOG] LiveUpdate::readPacket                   : Recieved init packet from client 0000021CC7986848
[LOG] LiveUpdate::readPacket                   : Accepting init message for client 0000021CC7986848
[LOG] LiveUpdate::transitionToConnected        : 
[LOG] LiveUpdate::acceptInitPacket             : Client 0000021CC7986848 connected, entering connected state
[LOG] Manager::readBank                        : fileversion = 123, compatVersion = 119 (oldest = 44, newest = 125)
[LOG] ProfileClient::recvThreadLoopFunction    : Socket disconnected
[LOG] ProfileClient::markForDead               : Closing client connection
[LOG] Thread::callback                         : FMOD profiler thread (recv) finished.
[LOG] Thread::callback                         : FMOD profiler thread (send) finished.
[LOG] LiveUpdate::clientDisconnected           : client = 0000021CC7986848
[LOG] LiveUpdate::reset                        : Reset connection (reason Disconnected)
[LOG] Thread::initThread                       : Init FMOD profiler thread (recv). Priority: 0, Stack Size: 131072, Semaphore: No, Sleep Time: 0, Looping: No.
[LOG] Thread::initThread                       : Init FMOD profiler thread (send). Priority: 0, Stack Size: 131072, Semaphore: No, Sleep Time: 0, Looping: No.
[LOG] LiveUpdate::clientConnected              : client = 0000021CC7987368
[LOG] LiveUpdate::readPacket                   : Recieved init packet from client 0000021CC7987368
[LOG] LiveUpdate::readPacket                   : Accepting init message for client 0000021CC7987368
[LOG] LiveUpdate::transitionToConnected        : 
[LOG] Manager::sendConnectTimeHash             : 
[LOG] LiveUpdate::sendBankHash                 : 
[LOG] LiveUpdate::acceptInitPacket             : Client 0000021CC7987368 connected, entering connected state
[LOG] Manager::receiveLiveUpdateBank           : Received live update bank path: fmod:///remote/C:/Users/ElyFa/AppData/Local/FMOD Studio/UnsavedProjects/Hotswap-k52Zk9/hotswap_146.bank
[LOG] ProfileRemoteFile::fileOpen              : Attemping to open remote file 'C:/Users/ElyFa/AppData/Local/FMOD Studio/UnsavedProjects/Hotswap-k52Zk9/hotswap_146.bank'
[LOG] Manager::readBank                        : fileversion = 123, compatVersion = 119 (oldest = 44, newest = 125)
[LOG] Manager::readBank                        : fileversion = 123, compatVersion = 119 (oldest = 44, newest = 125)
[LOG] AsyncThread::threadFunc                  : Starting Asynchronous operation on sound 0000021D2E465A58
[LOG] AsyncThread::threadFunc                  : Finished Asynchronous operation on sound 0000021D2E465A58
[LOG] SoundI::release                          : ambience lv 2 (0000021D8BC8EC58)
[LOG] SoundI::release                          :     ambience lv 2 (0000021D299BDE18)
[LOG] SoundI::release                          :     ambience lv 2 (0000021D2E465A58)
[LOG] SoundI::release                          :  (0000021D8BD9F1E8)
[LOG] SoundI::release                          :     snow flake picked (0000021D2D258288)
[LOG] SoundI::release                          :  (0000021D8BDA0498)
[LOG] SoundI::release                          :     new game button (0000021D2D258AA8)
[LOG] SoundI::release                          :  (0000021D86154D68)
[LOG] SoundI::release                          :     yes & no button (0000021D2CF2E088)
[LOG] SoundI::release                          :  (0000021D8BD9F7A8)
[LOG] SoundI::release                          :     jump2 (0000021D2D2580E8)
[LOG] SoundI::release                          :  (0000021D8BD9EC28)
[LOG] SoundI::release                          :     fireball throw (0000021D2D258768)
[LOG] SoundI::release                          :  (0000021D8BD9E388)
[LOG] SoundI::release                          :     talisman picked (0000021D2D258428)
[LOG] SoundI::release                          :  (0000021D8BD9FD68)
[LOG] SoundI::release                          :     enemy bite (0000021D2E64FDA8)
[LOG] SoundI::release                          :  (0000021D86154358)
[LOG] SoundI::release                          :     Fox steps_06 (0000021D29ABE218)
[LOG] SoundI::release                          :  (0000021D8BD9F358)
[LOG] SoundI::release                          :     Fox steps_08 (0000021D2E650288)
[LOG] SoundI::release                          :  (0000021D8BD9E4F8)
[LOG] SoundI::release                          :     Fox steps_09 (0000021D2D258908)
[LOG] SoundI::release                          :  (0000021D8BD9EAB8)
[LOG] SoundI::release                          :     Fox steps_10 (0000021D2CF2E568)
[LOG] SoundI::release                          :  (0000021D3277C298)
[LOG] SoundI::release                          :     skill sound 2 (0000021D2E650AA8)
[LOG] SoundI::release                          :  (0000021D8BDA0778)
[LOG] SoundI::release                          :     kettu jump (0000021D2D257F48)
[LOG] SoundI::release                          :  (0000021D8BD9E948)
[LOG] SoundI::release                          :     sprint (0000021D2D2585C8)
[LOG] SoundI::release                          :  (0000021D3277D828)
[LOG] SoundI::release                          :     pick acorn (0000021D2E6505C8)
[LOG] SoundI::release                          :  (0000021D3277C578)
[LOG] SoundI::release                          :     kettu hurt (0000021D2E64FF48)
[LOG] SoundI::release                          : Fox steps_02.wav (0000021D8654CA58)
[LOG] SoundI::release                          : Fox steps_03.wav (0000021D8654CBF8)
[LOG] SoundI::release                          : Fox steps_04.wav (0000021D8654C8B8)
[LOG] SoundI::release                          : Fox steps_05.wav (0000021D8654D278)
[LOG] SoundI::release                          :  (0000021D86153668)
[LOG] SoundI::release                          :     difficulty selection button (0000021D2CF2E228)
[LOG] SoundI::release                          :  (0000021D8BDA18B8)
[LOG] SoundI::release                          :     fox bark 2_03 (0000021D2CF2E708)
[LOG] SoundI::release                          :  (0000021D8BDA12F8)
[LOG] SoundI::release                          :     fox bark 2_0101 (0000021D2CF2EA48)
[LOG] SoundI::release                          :  (0000021D86154A88)
[LOG] SoundI::release                          :     fox bark 2_02 (0000021D2CF2EBE8)
[LOG] SoundI::release                          :  (0000021D86154918)
[LOG] SoundI::release                          :     fireball (0000021D2CF2E3C8)
[LOG] SoundI::release                          :  (0000021D8BD9E668)
[LOG] SoundI::release                          :     fireball explosition (0000021D2D257DA8)
[LOG] SoundI::release                          :  (0000021D86153218)
[LOG] SoundI::release                          :     teleport2 (0000021D29ABE078)
[LOG] Thread::callback                         : FMOD Studio update thread finished.
[LOG] Thread::callback                         : FMOD Studio bank load thread finished.
[LOG] ProfileClient::markForDead               : Closing client connection
[LOG] Profile::disconnectAll                   : Profiler disconnecting all clients
[LOG] FMOD_OS_Net_Read                         : Interrupted.[LOG] ProfileClient::recvThreadLoopFunction    : Socket disconnected
[LOG] Thread::callback                         : FMOD profiler thread (send) finished.
[LOG] Thread::callback                         : FMOD profiler thread (recv) finished.
[LOG] Thread::callback                         : FMOD Studio sample load thread finished.
[LOG] LiveUpdate::release                      : 
[LOG] LiveUpdate::reset                        : Reset connection (reason Disconnected)
[LOG] Thread::callback                         : FMOD stream thread finished.
[LOG] Thread::callback                         : FMOD mixer thread finished.
[LOG] Profile::disconnectAll                   : Profiler disconnecting all clients
[LOG] SystemI::close                           : Closed.
